Ansys Lumerical 2020 R2.4 FDTD Solver Version 8.24.2502 (Mac 64bit)
 expires (month/day/year): 1/26/2022
using config file: /Users/lycoris/.config/Lumerical/License.ini
license host: lumerical-lm.iqc.uwaterloo.ca
current time: Fri Jun 25 23:48:53 2021
Running on host: YuandeMacBook-Pro.local
host available memory (GB): 17.179869
All processes are communicating and ready to proceed to simulation...
Running fsp file: /Applications/Lumerical v202.app/Contents/Applications/FDTD Solutions.app/Contents/MacOS/fdtd-engine -t 1 -remote -hide /Users/lycoris/Desktop/test/ddd_sweep/sweep_15.fsp
number of processors is 12
processors are distributed as: 6x2x1
Running 2D Simulation
Starting meshing
Simulation size in gridpoints: 68 x 91 x 1
Refined 0 mesh cells (0%)
Completed meshing!
Meshing complete in 0.001108 seconds of CPU time
0 0
Starting meshing
Simulation size in gridpoints: 68 x 91 x 1
Refined 0 mesh cells (0%)
Completed meshing!
Meshing complete in 0.002232 seconds of CPU time
0 0
finished material properties
Selected kernel with optimization level: 2 and split-field propagation direction: 0
Starting meshing
Simulation size in gridpoints: 68 x 91 x 1
Refined 0 mesh cells (0%)
Completed meshing!
Meshing complete in 0.000971 seconds of CPU time
0 0
Selected kernel with optimization level: 2 and split-field propagation direction: 0
-----------------------------------------
Beginning initialization of 2D FDTD Simulation
  Including TE Simulation
Starting to add sources to simulation

Adding Gaussian source propagating in Y
Starting to add boundary conditions to simulation
Adding parallel BC
Adding parallel BC
Adding PML BC
Adding parallel BC
Starting to add monitors to Simulation
Adding analysis monitor
Adding frequency monitor
Finished initialization of 2D Simulation
-----------------------------------------
All processes are communicating and ready to proceed to simulation...
Starting 134084 total iterations
0.0357985% complete. Max time remaining: 49 secs. Auto Shutoff: 1
1.51547% complete. Max time remaining: 35 secs. Auto Shutoff: 1
100% complete. Max time remaining: 0 mins, 0 secs. Auto Shutoff: 9.18198e-08
Early termination of simulation, the autoshutoff criteria are satisfied.
Completed 2617 iterations, or 3.317998e-14s of Simulation Time
Process 0 starting to collect data
    collecting TM monitor data
    collecting TE monitor data
    collecting TM source data
    collecting TE source data
Finished collecting data
Simulation completed successfully at: Fri Jun 25 23:48:53 2021
Overall wall time measurements in seconds: 1.31063
    time to mesh and initialize: 0.04868
    time to run FDTD simulation: 0.694423
    time to checkpoint simulation: 1e-06
    time to finalize data and save to files: 0.011242
    miscellaneous time: 0.556259
    FDTD solver speed on process 0: 23.3201 Mnodes/s
    total FDTD solver speed on 12 processes: 279.841 Mnodes/s
